  [1m[36m (21.5ms)[0m  [1mCREATE TABLE "schema_migrations" ("version" varchar(255) NOT NULL) [0m
  [1m[35m (11.3ms)[0m  CREATE UNIQUE INDEX "unique_schema_migrations" ON "schema_migrations" ("version")
  [1m[36mActiveRecord::SchemaMigration Load (0.3ms)[0m  [1mSELECT "schema_migrations".* FROM "schema_migrations"[0m
Migrating to CreateUsers (20140623215510)
  [1m[35m (0.1ms)[0m  begin transaction
  [1m[36m (0.5ms)[0m  [1mCREATE TABLE "users" ("id" INTEGER PRIMARY KEY AUTOINCREMENT NOT NULL, "name" varchar(255), "email" varchar(255), "created_at" datetime, "updated_at" datetime) [0m
  [1m[35mSQL (0.4ms)[0m  INSERT INTO "schema_migrations" ("version") VALUES (?)  [["version", "20140623215510"]]
  [1m[36m (10.9ms)[0m  [1mcommit transaction[0m
  [1m[35mActiveRecord::SchemaMigration Load (0.1ms)[0m  SELECT "schema_migrations".* FROM "schema_migrations"


Started GET "/" for 127.0.0.1 at 2014-06-23 17:55:23 -0400
  [1m[36mActiveRecord::SchemaMigration Load (0.2ms)[0m  [1mSELECT "schema_migrations".* FROM "schema_migrations"[0m
Processing by Rails::WelcomeController#index as HTML
  Rendered /usr/local/rvm/gems/ruby-2.0.0-p481@railstutorial_rails_4_0/gems/railties-4.0.5/lib/rails/templates/rails/welcome/index.html.erb (2.1ms)
Completed 200 OK in 11ms (Views: 9.5ms | ActiveRecord: 0.0ms)


Started GET "/" for 127.0.0.1 at 2014-06-23 17:55:24 -0400
Processing by Rails::WelcomeController#index as HTML
  Rendered /usr/local/rvm/gems/ruby-2.0.0-p481@railstutorial_rails_4_0/gems/railties-4.0.5/lib/rails/templates/rails/welcome/index.html.erb (0.2ms)
Completed 200 OK in 5ms (Views: 4.1ms | ActiveRecord: 0.0ms)


Started GET "/" for 127.0.0.1 at 2014-06-23 17:55:25 -0400
Processing by Rails::WelcomeController#index as HTML
  Rendered /usr/local/rvm/gems/ruby-2.0.0-p481@railstutorial_rails_4_0/gems/railties-4.0.5/lib/rails/templates/rails/welcome/index.html.erb (0.2ms)
Completed 200 OK in 4ms (Views: 3.3ms | ActiveRecord: 0.0ms)


Started GET "/" for 127.0.0.1 at 2014-06-23 17:55:25 -0400
Processing by Rails::WelcomeController#index as HTML
  Rendered /usr/local/rvm/gems/ruby-2.0.0-p481@railstutorial_rails_4_0/gems/railties-4.0.5/lib/rails/templates/rails/welcome/index.html.erb (0.2ms)
Completed 200 OK in 5ms (Views: 3.5ms | ActiveRecord: 0.0ms)


Started GET "/" for 127.0.0.1 at 2014-06-23 17:55:25 -0400
Processing by Rails::WelcomeController#index as HTML
  Rendered /usr/local/rvm/gems/ruby-2.0.0-p481@railstutorial_rails_4_0/gems/railties-4.0.5/lib/rails/templates/rails/welcome/index.html.erb (0.2ms)
Completed 200 OK in 4ms (Views: 3.3ms | ActiveRecord: 0.0ms)


Started GET "/" for 127.0.0.1 at 2014-06-23 17:55:26 -0400
Processing by Rails::WelcomeController#index as HTML
  Rendered /usr/local/rvm/gems/ruby-2.0.0-p481@railstutorial_rails_4_0/gems/railties-4.0.5/lib/rails/templates/rails/welcome/index.html.erb (0.2ms)
Completed 200 OK in 5ms (Views: 4.5ms | ActiveRecord: 0.0ms)


Started GET "/" for 127.0.0.1 at 2014-06-23 17:55:26 -0400
Processing by Rails::WelcomeController#index as HTML
  Rendered /usr/local/rvm/gems/ruby-2.0.0-p481@railstutorial_rails_4_0/gems/railties-4.0.5/lib/rails/templates/rails/welcome/index.html.erb (0.2ms)
Completed 200 OK in 6ms (Views: 5.6ms | ActiveRecord: 0.0ms)


Started GET "/rails/info/properties" for 127.0.0.1 at 2014-06-23 17:55:27 -0400
Processing by Rails::InfoController#properties as */*
  [1m[35mActiveRecord::SchemaMigration Load (0.2ms)[0m  SELECT "schema_migrations".* FROM "schema_migrations"
  Rendered /usr/local/rvm/gems/ruby-2.0.0-p481@railstutorial_rails_4_0/gems/railties-4.0.5/lib/rails/templates/rails/info/properties.html.erb (0.9ms)
Completed 200 OK in 20ms (Views: 14.4ms | ActiveRecord: 0.4ms)


Started GET "/" for 127.0.0.1 at 2014-06-23 17:55:33 -0400
Processing by Rails::WelcomeController#index as HTML
  Rendered /usr/local/rvm/gems/ruby-2.0.0-p481@railstutorial_rails_4_0/gems/railties-4.0.5/lib/rails/templates/rails/welcome/index.html.erb (0.2ms)
Completed 200 OK in 3ms (Views: 2.6ms | ActiveRecord: 0.0ms)


Started GET "/" for 127.0.0.1 at 2014-06-23 17:55:34 -0400
Processing by Rails::WelcomeController#index as HTML
  Rendered /usr/local/rvm/gems/ruby-2.0.0-p481@railstutorial_rails_4_0/gems/railties-4.0.5/lib/rails/templates/rails/welcome/index.html.erb (0.1ms)
Completed 200 OK in 5ms (Views: 4.7ms | ActiveRecord: 0.0ms)


Started GET "/" for 127.0.0.1 at 2014-06-23 17:55:34 -0400
Processing by Rails::WelcomeController#index as HTML
  Rendered /usr/local/rvm/gems/ruby-2.0.0-p481@railstutorial_rails_4_0/gems/railties-4.0.5/lib/rails/templates/rails/welcome/index.html.erb (0.1ms)
Completed 200 OK in 7ms (Views: 5.9ms | ActiveRecord: 0.0ms)


Started GET "/" for 127.0.0.1 at 2014-06-23 17:55:34 -0400
Processing by Rails::WelcomeController#index as HTML
  Rendered /usr/local/rvm/gems/ruby-2.0.0-p481@railstutorial_rails_4_0/gems/railties-4.0.5/lib/rails/templates/rails/welcome/index.html.erb (0.6ms)
Completed 200 OK in 4ms (Views: 3.2ms | ActiveRecord: 0.0ms)


Started GET "/" for 127.0.0.1 at 2014-06-23 17:55:39 -0400
Processing by Rails::WelcomeController#index as HTML
  Rendered /usr/local/rvm/gems/ruby-2.0.0-p481@railstutorial_rails_4_0/gems/railties-4.0.5/lib/rails/templates/rails/welcome/index.html.erb (0.2ms)
Completed 200 OK in 4ms (Views: 3.2ms | ActiveRecord: 0.0ms)


Started GET "/users" for 127.0.0.1 at 2014-06-23 17:55:54 -0400
Processing by UsersController#index as HTML
  [1m[36mUser Load (0.6ms)[0m  [1mSELECT "users".* FROM "users"[0m
  Rendered users/index.html.erb within layouts/application (4.7ms)
Completed 200 OK in 694ms (Views: 689.8ms | ActiveRecord: 0.6ms)


Started GET "/assets/application.css?body=1" for 127.0.0.1 at 2014-06-23 17:55:55 -0400


Started GET "/assets/scaffolds.css?body=1" for 127.0.0.1 at 2014-06-23 17:55:55 -0400


Started GET "/assets/jquery.js?body=1" for 127.0.0.1 at 2014-06-23 17:55:55 -0400


Started GET "/assets/users.css?body=1" for 127.0.0.1 at 2014-06-23 17:55:55 -0400


Started GET "/assets/jquery_ujs.js?body=1" for 127.0.0.1 at 2014-06-23 17:55:55 -0400


Started GET "/assets/turbolinks.js?body=1" for 127.0.0.1 at 2014-06-23 17:55:55 -0400


Started GET "/assets/users.js?body=1" for 127.0.0.1 at 2014-06-23 17:55:55 -0400


Started GET "/assets/application.js?body=1" for 127.0.0.1 at 2014-06-23 17:55:55 -0400
